<?xml version="1.0" encoding="UTF-8"?>
<!-- Generated by org.testng.reporters.JUnitReportReporter -->
<testsuite hostname="CAV-PC" name="test.TwitterTest" tests="3" failures="0" timestamp="1 Oct 2016 01:56:51 GMT" time="0.013" errors="0">
  <testcase name="textTest" time="0.001" classname="test.TwitterTest"/>
  <testcase name="statusCodeTest" time="0.001" classname="test.TwitterTest"/>
  <testcase name="idTest" time="0.011" classname="test.TwitterTest"/>
</testsuite> <!-- test.TwitterTest -->
